0 info it worked if it ends with ok
1 verbose cli [ '/usr/bin/nodejs',
1 verbose cli   '/usr/bin/npm',
1 verbose cli   'install',
1 verbose cli   '/var/www/html/node_modules/',
1 verbose cli   'destroy' ]
2 info using npm@3.5.2
3 info using node@v4.2.6
4 silly loadCurrentTree Starting
5 silly install loadCurrentTree
6 silly install readLocalPackageData
7 silly fetchPackageMetaData /var/www/html/node_modules/
8 silly fetchPackageMetaData destroy
9 silly fetchNamedPackageData destroy
10 silly mapToRegistry name destroy
11 silly mapToRegistry using default registry
12 silly mapToRegistry registry https://registry.npmjs.org/
13 silly mapToRegistry uri https://registry.npmjs.org/destroy
14 silly fetchOtherPackageData /var/www/html/node_modules/
15 silly cache add args [ '/var/www/html/node_modules/', null ]
16 verbose cache add spec /var/www/html/node_modules/
17 silly cache add parsed spec Result {
17 silly cache add   raw: '/var/www/html/node_modules/',
17 silly cache add   scope: null,
17 silly cache add   name: null,
17 silly cache add   rawSpec: '/var/www/html/node_modules/',
17 silly cache add   spec: '/var/www/html/node_modules',
17 silly cache add   type: 'local' }
18 error addLocal Could not install /var/www/html/node_modules
19 silly fetchPackageMetaData Error: EISDIR: illegal operation on a directory, read
19 silly fetchPackageMetaData     at Error (native)
19 silly fetchPackageMetaData  error for /var/www/html/node_modules/ { [Error: EISDIR: illegal operation on a directory, read] errno: -21, code: 'EISDIR', syscall: 'read' }
20 verbose request uri https://registry.npmjs.org/destroy
21 verbose request no auth needed
22 info attempt registry request try #1 at 1:54:50 AM
23 verbose request id 5ed87ee148a7b914
24 verbose etag W/"5922f603-174e"
25 verbose lastModified Mon, 22 May 2017 14:30:27 GMT
26 http request GET https://registry.npmjs.org/destroy
27 http 304 https://registry.npmjs.org/destroy
28 verbose headers { date: 'Tue, 30 May 2017 01:54:50 GMT',
28 verbose headers   via: '1.1 varnish',
28 verbose headers   'cache-control': 'max-age=300',
28 verbose headers   etag: 'W/"5922f603-174e"',
28 verbose headers   age: '13',
28 verbose headers   connection: 'keep-alive',
28 verbose headers   'x-served-by': 'cache-sea1020-SEA',
28 verbose headers   'x-cache': 'HIT',
28 verbose headers   'x-cache-hits': '1',
28 verbose headers   'x-timer': 'S1496109291.791360,VS0,VE0',
28 verbose headers   vary: 'Accept-Encoding' }
29 silly get cb [ 304,
29 silly get   { date: 'Tue, 30 May 2017 01:54:50 GMT',
29 silly get     via: '1.1 varnish',
29 silly get     'cache-control': 'max-age=300',
29 silly get     etag: 'W/"5922f603-174e"',
29 silly get     age: '13',
29 silly get     connection: 'keep-alive',
29 silly get     'x-served-by': 'cache-sea1020-SEA',
29 silly get     'x-cache': 'HIT',
29 silly get     'x-cache-hits': '1',
29 silly get     'x-timer': 'S1496109291.791360,VS0,VE0',
29 silly get     vary: 'Accept-Encoding' } ]
30 verbose etag https://registry.npmjs.org/destroy from cache
31 verbose get saving destroy to /home/ubuntu/.npm/registry.npmjs.org/destroy/.cache.json
32 silly rollbackFailedOptional Starting
33 silly rollbackFailedOptional Finishing
34 silly runTopLevelLifecycles Starting
35 silly runTopLevelLifecycles Finishing
36 silly install printInstalled
37 verbose stack Error: EISDIR: illegal operation on a directory, read
37 verbose stack     at Error (native)
38 verbose cwd /var/www/html
39 error Linux 4.4.0-1013-aws
40 error argv "/usr/bin/nodejs" "/usr/bin/npm" "install" "/var/www/html/node_modules/" "destroy"
41 error node v4.2.6
42 error npm  v3.5.2
43 error code EISDIR
44 error errno -21
45 error syscall read
46 error eisdir EISDIR: illegal operation on a directory, read
47 error eisdir This is most likely not a problem with npm itself
47 error eisdir and is related to npm not being able to find a package.json in
47 error eisdir a package you are trying to install.
48 verbose exit [ -21, true ]
